6/14/2023 10:39:47 AM	This log contains information about the import schema operation into project 'MIS.Services.Recruitment.Database' on computer 'SHWETATOD-VD3' by user 'shwetatod'.
6/14/2023 10:39:48 AM	Import of database schema has started.
6/14/2023 10:39:57 AM	Gathering database credentials
6/14/2023 10:39:57 AM	Gathering database options
6/14/2023 10:39:57 AM	Gathering generic database scoped configuration option
6/14/2023 10:39:57 AM	Gathering users
6/14/2023 10:39:57 AM	Gathering roles
6/14/2023 10:39:57 AM	Gathering application roles
6/14/2023 10:39:57 AM	Gathering role memberships
6/14/2023 10:39:57 AM	Gathering filegroups
6/14/2023 10:39:57 AM	Gathering full-text catalogs
6/14/2023 10:39:57 AM	Gathering assemblies
6/14/2023 10:39:57 AM	Gathering certificates
6/14/2023 10:39:57 AM	Gathering asymmetric keys
6/14/2023 10:39:57 AM	Gathering symmetric keys
6/14/2023 10:39:57 AM	Gathering encrypted symmetric keys
6/14/2023 10:39:57 AM	Gathering schemas
6/14/2023 10:39:57 AM	Gathering XML schema collections
6/14/2023 10:39:57 AM	Gathering user-defined data types
6/14/2023 10:39:57 AM	Gathering user-defined types
6/14/2023 10:39:57 AM	Gathering table types
6/14/2023 10:39:58 AM	Gathering unique keys for table types
6/14/2023 10:39:58 AM	Gathering primary keys for table types
6/14/2023 10:39:58 AM	Gathering indexes for table types
6/14/2023 10:39:58 AM	Gathering check constraints for table types
6/14/2023 10:39:58 AM	Gathering default constraints for table types
6/14/2023 10:39:58 AM	Gathering partition functions
6/14/2023 10:39:58 AM	Gathering partition schemes
6/14/2023 10:39:58 AM	Gathering functions
6/14/2023 10:39:58 AM	Gathering encrypted functions
6/14/2023 10:39:58 AM	Gathering aggregates
6/14/2023 10:39:58 AM	Gathering procedures
6/14/2023 10:39:58 AM	Gathering encrypted procedures
6/14/2023 10:39:58 AM	Gathering tables
6/14/2023 10:39:58 AM	Gathering primary keys
6/14/2023 10:39:58 AM	Gathering unique constraints
6/14/2023 10:39:58 AM	Gathering foreign keys
6/14/2023 10:39:58 AM	Gathering default constraints
6/14/2023 10:39:58 AM	Gathering check constraints
6/14/2023 10:39:58 AM	Gathering views
6/14/2023 10:39:58 AM	Gathering encrypted views
6/14/2023 10:39:58 AM	Gathering indexes
6/14/2023 10:39:58 AM	Gathering statistics
6/14/2023 10:39:58 AM	Gathering full-text index stoplists
6/14/2023 10:39:58 AM	Gathering search property lists
6/14/2023 10:39:58 AM	Gathering search properties
6/14/2023 10:39:58 AM	Gathering full-text indexes
6/14/2023 10:39:58 AM	Gathering column store indexes
6/14/2023 10:39:58 AM	Gathering spatial indexes
6/14/2023 10:39:58 AM	Gathering XML indexes
6/14/2023 10:39:58 AM	Gathering Selective XML indexes
6/14/2023 10:39:58 AM	Gathering encrypted triggers
6/14/2023 10:39:58 AM	Gathering triggers
6/14/2023 10:39:58 AM	Gathering encrypted and clr ddl triggers
6/14/2023 10:39:58 AM	Gathering ddl triggers
6/14/2023 10:39:58 AM	Creating edge constraints
6/14/2023 10:39:58 AM	Gathering synonyms
6/14/2023 10:39:58 AM	Gathering defaults
6/14/2023 10:39:58 AM	Gathering data constraint uddt bindings
6/14/2023 10:39:58 AM	Gathering rules
6/14/2023 10:39:58 AM	Gathering data constraint uddt bindings
6/14/2023 10:39:58 AM	Gathering message types
6/14/2023 10:39:58 AM	Gathering queues
6/14/2023 10:39:58 AM	Gathering contracts
6/14/2023 10:39:58 AM	Gathering services
6/14/2023 10:39:58 AM	Gathering event notifications
6/14/2023 10:39:58 AM	Gathering remote service bindings
6/14/2023 10:39:58 AM	Gathering broker priorities
6/14/2023 10:39:58 AM	Gathering signatures
6/14/2023 10:39:58 AM	Gathering compression options
6/14/2023 10:39:58 AM	Gathering sequence types
6/14/2023 10:39:58 AM	Gathering security policies
6/14/2023 10:39:58 AM	Gather column encryption keys
6/14/2023 10:39:58 AM	Gathering column master keys
6/14/2023 10:39:58 AM	Gathering external data sources
6/14/2023 10:39:58 AM	Gathering external file formats
6/14/2023 10:39:58 AM	Gathering external tables
6/14/2023 10:39:58 AM	Gathering extended properties
6/14/2023 10:39:58 AM	Gathering assemblies
6/14/2023 10:39:58 AM	Gathering credentials
6/14/2023 10:39:58 AM	Gathering logins
6/14/2023 10:39:58 AM	Gathering server audits
6/14/2023 10:39:59 AM	Scanning project for duplicate elements
6/14/2023 10:39:59 AM	Finished duplicate element processing
6/14/2023 10:39:59 AM	Finished importing database.
6/14/2023 10:39:59 AM	A summary of the import was saved to the following location: C:\Users\shwetatod\Pictures\MIS.Services.Recruitment.Database\MIS.Services.Recruitment.Database\Import Schema Logs\MIS.Services.Recruit_20230614050947.log
6/14/2023 10:39:59 AM	Click Finish to continue...
